proguard/seeds.txt
com.jianzhiniu.activity.ApplyFollowActivity
com.jianzhiniu.activity.ApplyFollowActivity: ApplyFollowActivity()
com.jianzhiniu.activity.ApplyFollowActivity: void onClick(android.view.View)
com.jianzhiniu.activity.BaseActivity: BaseActivity()
com.jianzhiniu.activity.BaseActivity: void doBack(android.view.View)
com.jianzhiniu.activity.BaseActivity: void onClick(android.view.View)
com.jianzhiniu.activity.BaseFragmentActivity: BaseFragmentActivity()
com.jianzhiniu.activity.BaseFragmentActivity: void doBack(android.view.View)
com.jianzhiniu.activity.BaseFragmentActivity: void onClick(android.view.View)
com.jianzhiniu.activity.ConsultReplyActivity
com.jianzhiniu.activity.ConsultReplyActivity: ConsultReplyActivity()
com.jianzhiniu.activity.ConsultReplyActivity: void onClick(android.view.View)
com.jianzhiniu.activity.ContentEditActivity
com.jianzhiniu.activity.ContentEditActivity: ContentEditActivity()
com.jianzhiniu.activity.ContentEditActivity: void onClick(android.view.View)
com.jianzhiniu.activity.EnterCenterActivity
com.jianzhiniu.activity.EnterCenterActivity: EnterCenterActivity()
com.jianzhiniu.activity.EnterCenterActivity: void onClick(android.view.View)
com.jianzhiniu.activity.GoogleMapActivity
com.jianzhiniu.activity.GoogleMapActivity: GoogleMapActivity()
com.jianzhiniu.activity.InterestJobActivity
com.jianzhiniu.activity.InterestJobActivity: InterestJobActivity()
com.jianzhiniu.activity.InterestJobActivity: void onClick(android.view.View)
com.jianzhiniu.activity.JobInfoActivity
com.jianzhiniu.activity.JobInfoActivity: JobInfoActivity()
com.jianzhiniu.activity.JobInfoActivity: void onClick(android.view.View)
com.jianzhiniu.activity.JobIssueActivity
com.jianzhiniu.activity.JobIssueActivity: JobIssueActivity()
com.jianzhiniu.activity.JobIssueActivity: void onClick(android.view.View)
com.jianzhiniu.activity.JobManInfoActivity
com.jianzhiniu.activity.JobManInfoActivity: JobManInfoActivity()
com.jianzhiniu.activity.JobManInfoActivity: void onClick(android.view.View)
com.jianzhiniu.activity.LoginActivity
com.jianzhiniu.activity.LoginActivity: LoginActivity()
com.jianzhiniu.activity.LoginActivity: void onClick(android.view.View)
com.jianzhiniu.activity.MainActivity
com.jianzhiniu.activity.MainActivity: MainActivity()
com.jianzhiniu.activity.MainActivity: void onClick(android.view.View)
com.jianzhiniu.activity.MyApplyActivity
com.jianzhiniu.activity.MyApplyActivity: MyApplyActivity()
com.jianzhiniu.activity.MyApplyActivity: void onClick(android.view.View)
com.jianzhiniu.activity.MyCollectActivity
com.jianzhiniu.activity.MyCollectActivity: MyCollectActivity()
com.jianzhiniu.activity.MyCollectActivity: void onClick(android.view.View)
com.jianzhiniu.activity.MyJobActivity
com.jianzhiniu.activity.MyJobActivity: MyJobActivity()
com.jianzhiniu.activity.MyJobActivity: void onClick(android.view.View)
com.jianzhiniu.activity.NearbyJobActivity
com.jianzhiniu.activity.NearbyJobActivity: NearbyJobActivity()
com.jianzhiniu.activity.NearbyJobActivity: void onClick(android.view.View)
com.jianzhiniu.activity.NewMessageActivity
com.jianzhiniu.activity.NewMessageActivity: NewMessageActivity()
com.jianzhiniu.activity.NewMessageActivity: void onClick(android.view.View)
com.jianzhiniu.activity.NewestJobActivity
com.jianzhiniu.activity.NewestJobActivity: NewestJobActivity()
com.jianzhiniu.activity.NewestJobActivity: void onClick(android.view.View)
com.jianzhiniu.activity.PersonalCenterActivity
com.jianzhiniu.activity.PersonalCenterActivity: PersonalCenterActivity()
com.jianzhiniu.activity.PersonalCenterActivity: void onClick(android.view.View)
com.jianzhiniu.activity.R$anim: int push_bottom_in
com.jianzhiniu.activity.R$anim: int push_bottom_out
com.jianzhiniu.activity.R$anim: int rotate
com.jianzhiniu.activity.R$anim: int slide_in_left
com.jianzhiniu.activity.R$anim: int slide_out_right
...
android.support.v4.app.FragmentManager$OnBackStackChangedListener
android.support.v4.app.FragmentManager$OnBackStackChangedListener: void onBackStackChanged()
android.support.v4.app.FragmentManagerImpl
android.support.v4.app.FragmentManagerImpl: boolean DEBUG
android.support.v4.app.FragmentManagerImpl: java.lang.String TAG
android.support.v4.app.FragmentManagerImpl: boolean HONEYCOMB
android.support.v4.app.FragmentManagerImpl: java.lang.String TARGET_REQUEST_CODE_STATE_TAG
android.support.v4.app.FragmentManagerImpl: java.lang.String TARGET_STATE_TAG
android.support.v4.app.FragmentManagerImpl: java.lang.String VIEW_STATE_TAG
android.support.v4.app.FragmentManagerImpl: java.lang.String USER_VISIBLE_HINT_TAG
android.support.v4.app.FragmentManagerImpl: java.util.ArrayList mPendingActions
android.support.v4.app.FragmentManagerImpl: java.lang.Runnable[] mTmpActions
android.support.v4.app.FragmentManagerImpl: boolean mExecutingActions
android.support.v4.app.FragmentManagerImpl: java.util.ArrayList mActive
android.support.v4.app.FragmentManagerImpl: java.util.ArrayList mAdded
android.support.v4.app.FragmentManagerImpl: java.util.ArrayList mAvailIndices
android.support.v4.app.FragmentManagerImpl: java.util.ArrayList mBackStack
android.support.v4.app.FragmentManagerImpl: java.util.ArrayList mCreatedMenus
android.support.v4.app.FragmentManagerImpl: java.util.ArrayList mBackStackIndices
android.support.v4.app.FragmentManagerImpl: java.util.ArrayList mAvailBackStackIndices
android.support.v4.app.FragmentManagerImpl: java.util.ArrayList mBackStackChangeListeners
android.support.v4.app.FragmentManagerImpl: int mCurState
android.support.v4.app.FragmentManagerImpl$1
android.support.v4.app.FragmentManagerImpl$1: android.support.v4.app.FragmentManagerImpl this$0
android.support.v4.app.FragmentManagerImpl$1: FragmentManagerImpl$1(android.support.v4.app.FragmentManagerImpl)
android.support.v4.app.FragmentManagerImpl$1: void run()
android.support.v4.app.FragmentManagerImpl$2
android.support.v4.app.FragmentManagerImpl$2: android.support.v4.app.FragmentManagerImpl this$0
android.support.v4.app.FragmentManagerImpl$2: FragmentManagerImpl$2(android.support.v4.app.FragmentManagerImpl)
android.support.v4.app.FragmentManagerImpl$2: void run()
android.support.v4.app.FragmentManagerImpl$3
android.support.v4.app.FragmentManagerImpl$3: java.lang.String val$name
android.support.v4.app.FragmentManagerImpl$3: int val$flags
android.support.v4.app.FragmentManagerImpl$3: android.support.v4.app.FragmentManagerImpl this$0
android.support.v4.app.FragmentManagerImpl$3: FragmentManagerImpl$3(android.support.v4.app.FragmentManagerImpl,java.lang.String,int)
android.support.v4.app.FragmentManagerImpl$3: void run()
android.support.v4.app.FragmentManagerImpl$4
android.support.v4.app.FragmentManagerImpl$4: int val$id
android.support.v4.app.FragmentManagerImpl$4: int val$flags
android.support.v4.app.FragmentManagerImpl$4: android.support.v4.app.FragmentManagerImpl this$0
android.support.v4.app.FragmentManagerImpl$4: FragmentManagerImpl$4(android.support.v4.app.FragmentManagerImpl,int,int)
android.support.v4.app.FragmentManagerImpl$4: void run()
android.support.v4.app.FragmentManagerImpl$5
android.support.v4.app.FragmentManagerImpl$5: android.support.v4.app.Fragment val$fragment
android.support.v4.app.FragmentManagerImpl$5: android.support.v4.app.FragmentManagerImpl this$0
android.support.v4.app.FragmentManagerImpl$5: FragmentManagerImpl$5(android.support.v4.app.FragmentManagerImpl,android.support.v4.app.Fragment)
android.support.v4.app.FragmentManagerImpl$5: void onAnimationEnd(android.view.animation.Animation)
android.support.v4.app.FragmentManagerImpl$5: void onAnimationRepeat(android.view.animation.Animation)
android.support.v4.app.FragmentManagerImpl$5: void onAnimationStart(android.view.animation.Animation)