proguard/mapping.txt
com.jianzhiniu.activity.ApplyFollowActivity -> com.jianzhiniu.activity.ApplyFollowActivity:
    android.app.Activity activity -> c
    android.widget.TextView topcenterView -> d
    android.widget.TextView cancleView -> e
    android.widget.TextView status1 -> f
    android.widget.TextView status2 -> g
    android.widget.TextView status3 -> h
    android.widget.TextView content1 -> i
    android.widget.TextView content2 -> j
    android.widget.TextView content3 -> k
    android.widget.TextView jobname -> l
    android.widget.TextView didian -> m
    android.widget.TextView time -> n
    android.widget.TextView price -> o
    android.widget.ImageView returnView -> p
    android.widget.ImageView img -> q
    android.widget.ImageView start -> r
    android.widget.ImageView round2 -> s
    android.widget.ImageView round3 -> t
    android.widget.ImageView round1 -> u
    android.view.View jobinfoView -> v
    android.view.View topView -> w
    com.jianzhiniu.network.MapUtil mapUtil -> x
    com.jianzhiniu.network.WebServiceUIAsyncTask wt -> y
    java.util.List list -> z
    java.util.Map rMap -> A
    java.util.Map infoMap -> B
    android.content.Intent intent -> C
    com.nostra13.universalimageloader.core.ImageLoader loader -> D
    com.nostra13.universalimageloader.core.DisplayImageOptions options -> E
    com.jianzhiniu.views.MyAlertDialog myAlertDialog -> F
    java.lang.String webtype -> G
com.jianzhiniu.activity.ApplyFollowActivity$1 -> com.jianzhiniu.activity.a:
    com.jianzhiniu.activity.ApplyFollowActivity this$0 -> a
    void ybutton() -> a
com.jianzhiniu.activity.ApplyFollowActivity$2 -> com.jianzhiniu.activity.b:
    com.jianzhiniu.activity.ApplyFollowActivity this$0 -> a
    void onTaskStartDoInUI(java.lang.String[]) -> a
    void onGetDataSuccessfulDoInUI(java.lang.String) -> a
    void onUseCacheDoInUI() -> a
    void onTaskWorkingDoInUI(java.lang.String[]) -> b
    void onExceptionDoInUI(java.lang.String[]) -> c
    void onCancelledDoInUI(java.lang.String) -> b
    void onTimeoutDoInUI(java.lang.String[]) -> d
com.jianzhiniu.activity.BaseActivity -> com.jianzhiniu.activity.c:
    android.view.GestureDetector mGestureDetector -> b
    boolean mNeedBackGesture -> a
    void onCreate(android.os.Bundle) -> onCreate
    void onStop() -> onStop
    void onResume() -> onResume
    void initGestureDetector() -> a
    boolean dispatchTouchEvent(android.view.MotionEvent) -> dispatchTouchEvent
    void doBack(android.view.View) -> doBack
    void onDestroy() -> onDestroy
    void onClick(android.view.View) -> onClick
com.jianzhiniu.activity.BaseFragmentActivity -> com.jianzhiniu.activity.d:
    android.view.GestureDetector mGestureDetector -> a
    boolean mNeedBackGesture -> b
    void onCreate(android.os.Bundle) -> onCreate
    void initGestureDetector() -> a
    boolean dispatchTouchEvent(android.view.MotionEvent) -> dispatchTouchEvent
    void doBack(android.view.View) -> doBack
    void onDestroy() -> onDestroy
    void onClick(android.view.View) -> onClick
...
android.support.v4.view.GravityCompat$GravityCompatImplBase -> android.support.v4.view.GravityCompat$GravityCompatImplBase:
    int getAbsoluteGravity(int,int) -> getAbsoluteGravity
    void apply(int,int,int,android.graphics.Rect,android.graphics.Rect,int) -> apply
    void apply(int,int,int,android.graphics.Rect,int,int,android.graphics.Rect,int) -> apply
    void applyDisplay(int,android.graphics.Rect,android.graphics.Rect,int) -> applyDisplay
android.support.v4.view.GravityCompat$GravityCompatImplJellybeanMr1 -> android.support.v4.view.GravityCompat$GravityCompatImplJellybeanMr1:
    int getAbsoluteGravity(int,int) -> getAbsoluteGravity
    void apply(int,int,int,android.graphics.Rect,android.graphics.Rect,int) -> apply
    void apply(int,int,int,android.graphics.Rect,int,int,android.graphics.Rect,int) -> apply
    void applyDisplay(int,android.graphics.Rect,android.graphics.Rect,int) -> applyDisplay
android.support.v4.view.GravityCompatJellybeanMr1 -> android.support.v4.view.GravityCompatJellybeanMr1:
    int getAbsoluteGravity(int,int) -> getAbsoluteGravity
    void apply(int,int,int,android.graphics.Rect,android.graphics.Rect,int) -> apply
    void apply(int,int,int,android.graphics.Rect,int,int,android.graphics.Rect,int) -> apply
    void applyDisplay(int,android.graphics.Rect,android.graphics.Rect,int) -> applyDisplay
android.support.v4.view.KeyEventCompat -> android.support.v4.view.KeyEventCompat:
    android.support.v4.view.KeyEventCompat$KeyEventVersionImpl IMPL -> IMPL
    int normalizeMetaState(int) -> normalizeMetaState
    boolean metaStateHasModifiers(int,int) -> metaStateHasModifiers
    boolean metaStateHasNoModifiers(int) -> metaStateHasNoModifiers
    boolean hasModifiers(android.view.KeyEvent,int) -> hasModifiers
    boolean hasNoModifiers(android.view.KeyEvent) -> hasNoModifiers
    void startTracking(android.view.KeyEvent) -> startTracking
    boolean isTracking(android.view.KeyEvent) -> isTracking
    java.lang.Object getKeyDispatcherState(android.view.View) -> getKeyDispatcherState
    boolean dispatch(android.view.KeyEvent,android.view.KeyEvent$Callback,java.lang.Object,java.lang.Object) -> dispatch
android.support.v4.view.KeyEventCompat$BaseKeyEventVersionImpl -> android.support.v4.view.KeyEventCompat$BaseKeyEventVersionImpl:
    int META_MODIFIER_MASK -> META_MODIFIER_MASK
    int META_ALL_MASK -> META_ALL_MASK
    int metaStateFilterDirectionalModifiers(int,int,int,int,int) -> metaStateFilterDirectionalModifiers
    int normalizeMetaState(int) -> normalizeMetaState
    boolean metaStateHasModifiers(int,int) -> metaStateHasModifiers
    boolean metaStateHasNoModifiers(int) -> metaStateHasNoModifiers
    void startTracking(android.view.KeyEvent) -> startTracking
    boolean isTracking(android.view.KeyEvent) -> isTracking
    java.lang.Object getKeyDispatcherState(android.view.View) -> getKeyDispatcherState
    boolean dispatch(android.view.KeyEvent,android.view.KeyEvent$Callback,java.lang.Object,java.lang.Object) -> dispatch
android.support.v4.view.KeyEventCompat$EclairKeyEventVersionImpl -> android.support.v4.view.KeyEventCompat$EclairKeyEventVersionImpl:
    void startTracking(android.view.KeyEvent) -> startTracking
    boolean isTracking(android.view.KeyEvent) -> isTracking
    java.lang.Object getKeyDispatcherState(android.view.View) -> getKeyDispatcherState
    boolean dispatch(android.view.KeyEvent,android.view.KeyEvent$Callback,java.lang.Object,java.lang.Object) -> dispatch
android.support.v4.view.KeyEventCompat$HoneycombKeyEventVersionImpl -> android.support.v4.view.KeyEventCompat$HoneycombKeyEventVersionImpl:
    int normalizeMetaState(int) -> normalizeMetaState
    boolean metaStateHasModifiers(int,int) -> metaStateHasModifiers
    boolean metaStateHasNoModifiers(int) -> metaStateHasNoModifiers