proguard/usage.txt
com.jianzhiniu.activity.ApplyFollowActivity:
    private boolean isCancle
com.jianzhiniu.activity.BaseActivity:
    68:69:public void setNeedBackGesture(boolean)
com.jianzhiniu.activity.BaseFragmentActivity:
    57:58:public void setNeedBackGesture(boolean)
com.jianzhiniu.activity.BuildConfig
com.jianzhiniu.activity.GoogleMapActivity:
    float dis
com.jianzhiniu.activity.JobInfoActivity:
    private com.jianzhiniu.network.MapUtil mapUtil
    169:236:public void ExecuteAsyncTask(java.lang.String,java.util.Map)
    47:47:static synthetic void access$3(com.jianzhiniu.activity.JobInfoActivity,java.util.Map)
    47:47:static synthetic java.util.Map access$4(com.jianzhiniu.activity.JobInfoActivity)
com.jianzhiniu.activity.JobInfoActivity$2
com.jianzhiniu.activity.JobIssueActivity:
    private android.content.SharedPreferences$Editor editor
com.jianzhiniu.activity.MainActivity:
    381:382:public void registerMyTouchListener(com.jianzhiniu.activity.MainActivity$MyTouchListener)
    390:391:public void unRegisterMyTouchListener(com.jianzhiniu.activity.MainActivity$MyTouchListener)
com.jianzhiniu.activity.Manifest
com.jianzhiniu.activity.Manifest$permission
com.jianzhiniu.activity.MyJobActivity:
    private int flag
com.jianzhiniu.activity.NewMessageActivity:
    private java.lang.String itemtitle
com.jianzhiniu.activity.R:
    10:10:public R()
com.jianzhiniu.activity.R$anim
com.jianzhiniu.activity.R$array
com.jianzhiniu.activity.R$attr
com.jianzhiniu.activity.R$color
com.jianzhiniu.activity.R$dimen
com.jianzhiniu.activity.R$drawable
com.jianzhiniu.activity.R$id
com.jianzhiniu.activity.R$layout
com.jianzhiniu.activity.R$raw
com.jianzhiniu.activity.R$string
com.jianzhiniu.activity.R$style
com.jianzhiniu.activity.R$styleable:
    1812:1812:public R$styleable()
com.jianzhiniu.activity.ResetpwdActivityTwo:
    196:201:public boolean isMobile(java.lang.String)
...
com.jianzhiniu.adapter.CheckAdapter:
    57:57:public android.view.View getItemView(int)
com.jianzhiniu.adapter.FragmentViewPagerAdapter:
    80:80:public int getCurrentPageIndex()
    84:84:public com.jianzhiniu.adapter.FragmentViewPagerAdapter$OnExtraPageChangeListener getOnExtraPageChangeListener()
com.jianzhiniu.adapter.MyApplylistAdapter:
    java.lang.String dist
    int distance
com.jianzhiniu.config.Common
com.jianzhiniu.config.MyApplication:
    37:37:public int getCount()
com.jianzhiniu.config.Myconfig:
    3:3:public Myconfig()
com.jianzhiniu.entity.AdInfo:
    private java.lang.String advLink
    private java.lang.String advType
    private java.lang.String modelId
    private java.lang.String channelName
    private java.lang.Integer adRes
    15:23:public AdInfo(org.json.JSONObject)
    25:28:public AdInfo(int)
    45:45:public java.lang.String getAdvLink()
    50:51:public void setAdvLink(java.lang.String)
    55:55:public java.lang.String getAdvType()
    60:61:public void setAdvType(java.lang.String)
    70:71:public void setAdvDesc(java.lang.String)
    75:75:public java.lang.String getModelId()
    80:81:public void setModelId(java.lang.String)
    85:85:public java.lang.String getChannelName()
    90:91:public void setChannelName(java.lang.String)
    95:95:public java.lang.Integer getAdRes()
    100:101:public void setAdRes(java.lang.Integer)
com.jianzhiniu.fragments.MainFragment:
    private static final int AD_ONCLICK
    private static final int DOWNLOAD
    private static final int DOWNLOAD_FINISH
com.jianzhiniu.fragments.NewFragment:
    private boolean isCloseBroad
com.jianzhiniu.fragments.PersonalFragment:
    private static final int DOWNLOAD
    private static final int DOWNLOAD_FINISH
com.jianzhiniu.network.HttpConnect:
    private static final int DEFAULT_BITMAP_TIMEOUT
    private static final int DEFAULT_TIMEOUT
    private static final int HTTP_STATE_OK
    public static final java.lang.String ENCODING
    private static final int BUFFER_SIZE
    37:37:public HttpConnect()
    153:153:public static android.graphics.drawable.BitmapDrawable getHttpDrawable(java.lang.String)
    189:223:public static java.lang.String postHttpString(java.lang.String,java.util.List,java.util.List,int)
    243:243:public static java.lang.String postHttpString(java.lang.String,java.util.List,int)
    260:260:public static java.lang.String postHttpString(java.lang.String,java.util.List)
    276:305:public static java.lang.String getHttpString(java.lang.String,java.util.List,int)
    320:320:public static java.lang.String getHttpString(java.lang.String,int)
    335:335:public static java.lang.String getHttpString(java.lang.String)
    340:350:public static byte[] readStream(java.io.InputStream)
    362:419:public static java.lang.String postHttpString(java.lang.String,java.util.Map)
    431:478:public static void postLogHttpString(java.lang.String,java.util.Map)
com.jianzhiniu.network.JsonTool:
    18:18:public JsonTool()
com.jianzhiniu.network.NetworkUtil:
    11:11:public NetworkUtil()
    18:19:public static java.lang.String convertUrlToFileName(java.lang.String)
    44:60:public static boolean isWifiActive(android.content.Context)
com.jianzhiniu.network.WSUtil:
    22:22:public WSUtil()
com.jianzhiniu.utils.ConstantUtil:
    public static final java.lang.String RESULT_SUCCESS
    public static final java.lang.String RESULT_FAIL
    5:5:public ConstantUtil()
com.jianzhiniu.utils.ImageCacheUtils:
    private static final int JPG_FILE_FORMAT
    private static final int PNG_FILE_FORMAT
    12:12:public ImageCacheUtils()
    201:201:public static java.lang.String getPicUrl()